<testsuite name="demo" tests="2" failures="1" errors="0" skipped="0">
  <testcase classname="pkg.module.TestX" name="test_a">
    <failure message="AssertionError">Expected 1 == 2</failure>
  </testcase>
  <testcase classname="pkg.module.TestX" name="test_b" />
</testsuite>
